[debug] [2020-08-11T07:04:46.926Z] ----------------------------------------------------------------------
[debug] [2020-08-11T07:04:46.928Z] Command:       C:\Program Files\nodejs\node.exe C:\Users\cance\AppData\Roaming\npm\node_modules\firebase-tools\lib\bin\firebase.js deploy
[debug] [2020-08-11T07:04:46.928Z] CLI Version:   8.7.0
[debug] [2020-08-11T07:04:46.928Z] Platform:      win32
[debug] [2020-08-11T07:04:46.928Z] Node Version:  v14.5.0
[debug] [2020-08-11T07:04:46.929Z] Time:          Tue Aug 11 2020 09:04:46 GMT+0200 (hora de verano de Europa central)
[debug] [2020-08-11T07:04:46.929Z] ----------------------------------------------------------------------
[debug] [2020-08-11T07:04:46.929Z] 
[debug] [2020-08-11T07:04:46.936Z] > command requires scopes: ["email","openid","https://www.googleapis.com/auth/cloudplatformprojects.readonly","https://www.googleapis.com/auth/firebase","https://www.googleapis.com/auth/cloud-platform"]
[debug] [2020-08-11T07:04:46.937Z] > authorizing via signed-in user
[debug] [2020-08-11T07:04:46.937Z] [iam] checking project xchappi-lista-compra for permissions ["firebase.projects.get","firebasehosting.sites.update"]
[debug] [2020-08-11T07:04:46.939Z] >>> HTTP REQUEST POST https://cloudresourcemanager.googleapis.com/v1/projects/xchappi-lista-compra:testIamPermissions  
 {"permissions":["firebase.projects.get","firebasehosting.sites.update"]}
[debug] [2020-08-11T07:04:47.730Z] <<< HTTP RESPONSE 200 {"content-type":"application/json; charset=UTF-8","vary":"X-Origin, Referer, Origin,Accept-Encoding","date":"Tue, 11 Aug 2020 07:04:49 GMT","server":"ESF","cache-control":"private","x-xss-protection":"0","x-frame-options":"SAMEORIGIN","x-content-type-options":"nosniff","server-timing":"gfet4t7; dur=728","alt-svc":"h3-29=\":443\"; ma=2592000,h3-27=\":443\"; ma=2592000,h3-T050=\":443\"; ma=2592000,h3-Q050=\":443\"; ma=2592000,h3-Q046=\":443\"; ma=2592000,h3-Q043=\":443\"; ma=2592000,quic=\":443\"; ma=2592000; v=\"46,43\"","accept-ranges":"none","transfer-encoding":"chunked"}
[debug] [2020-08-11T07:04:47.731Z] >>> HTTP REQUEST GET https://firebase.googleapis.com/v1beta1/projects/xchappi-lista-compra  
 
[debug] [2020-08-11T07:04:47.932Z] <<< HTTP RESPONSE 200 {"content-type":"application/json; charset=UTF-8","vary":"X-Origin, Referer, Origin,Accept-Encoding","date":"Tue, 11 Aug 2020 07:04:50 GMT","server":"ESF","cache-control":"private","x-xss-protection":"0","x-frame-options":"SAMEORIGIN","x-content-type-options":"nosniff","alt-svc":"h3-29=\":443\"; ma=2592000,h3-27=\":443\"; ma=2592000,h3-T050=\":443\"; ma=2592000,h3-Q050=\":443\"; ma=2592000,h3-Q046=\":443\"; ma=2592000,h3-Q043=\":443\"; ma=2592000,quic=\":443\"; ma=2592000; v=\"46,43\"","accept-ranges":"none","transfer-encoding":"chunked"}
[info] 
[info] === Deploying to 'xchappi-lista-compra'...
[info] 
[info] i  deploying hosting 
[debug] [2020-08-11T07:04:47.957Z] >>> HTTP REQUEST POST https://firebasehosting.googleapis.com/v1beta1/sites/xchappi-lista-compra/versions  
 {"config":{"rewrites":[{"glob":"**","path":"/index.html"}],"headers":[{"glob":"*.[0-9a-f][0-9a-f][0-9a-f][0-9a-f][0-9a-f][0-9a-f][0-9a-f][0-9a-f][0-9a-f][0-9a-f][0-9a-f][0-9a-f][0-9a-f][0-9a-f][0-9a-f][0-9a-f][0-9a-f][0-9a-f][0-9a-f][0-9a-f].+(css|js)","headers":{"Cache-Control":"public,max-age=31536000,immutable"}}]},"labels":{"deployment-tool":"cli-firebase"}}
[debug] [2020-08-11T07:04:49.343Z] <<< HTTP RESPONSE 200 {"content-type":"application/json; charset=UTF-8","vary":"X-Origin, Referer, Origin,Accept-Encoding","date":"Tue, 11 Aug 2020 07:04:51 GMT","server":"ESF","cache-control":"private","x-xss-protection":"0","x-frame-options":"SAMEORIGIN","x-content-type-options":"nosniff","alt-svc":"h3-29=\":443\"; ma=2592000,h3-27=\":443\"; ma=2592000,h3-T050=\":443\"; ma=2592000,h3-Q050=\":443\"; ma=2592000,h3-Q046=\":443\"; ma=2592000,h3-Q043=\":443\"; ma=2592000,quic=\":443\"; ma=2592000; v=\"46,43\"","accept-ranges":"none","transfer-encoding":"chunked"}
[info] i  hosting[xchappi-lista-compra]: beginning deploy... 
[info] i  hosting[xchappi-lista-compra]: found 16 files in dist/lista-compra-angular 
[debug] [2020-08-11T07:04:49.368Z] [hosting] hash cache [ZGlzdFxsaXN0YS1jb21wcmEtYW5ndWxhcg] stored for 16 files
[debug] [2020-08-11T07:04:49.369Z] [hosting][hash queue][FINAL] {"max":5,"min":1,"avg":1,"active":0,"complete":16,"success":16,"errored":0,"retried":0,"total":16,"elapsed":7}
[debug] [2020-08-11T07:04:49.369Z] >>> HTTP REQUEST POST https://firebasehosting.googleapis.com/v1beta1/sites/xchappi-lista-compra/versions/01829bb55216ef26:populateFiles  
 <request body omitted>
[debug] [2020-08-11T07:04:50.379Z] <<< HTTP RESPONSE 200 {"content-type":"application/json; charset=UTF-8","vary":"X-Origin, Referer, Origin,Accept-Encoding","date":"Tue, 11 Aug 2020 07:04:52 GMT","server":"ESF","cache-control":"private","x-xss-protection":"0","x-frame-options":"SAMEORIGIN","x-content-type-options":"nosniff","alt-svc":"h3-29=\":443\"; ma=2592000,h3-27=\":443\"; ma=2592000,h3-T050=\":443\"; ma=2592000,h3-Q050=\":443\"; ma=2592000,h3-Q046=\":443\"; ma=2592000,h3-Q043=\":443\"; ma=2592000,quic=\":443\"; ma=2592000; v=\"46,43\"","accept-ranges":"none","transfer-encoding":"chunked"}
[debug] [2020-08-11T07:04:50.380Z] [hosting][populate queue][FINAL] {"max":1013,"min":1013,"avg":1013,"active":0,"complete":1,"success":1,"errored":0,"retried":0,"total":1,"elapsed":1013}
[debug] [2020-08-11T07:04:50.381Z] [hosting] uploads queued: 0
[debug] [2020-08-11T07:04:50.381Z] [hosting][upload queue][FINAL] {"max":0,"min":9999999999,"avg":0,"active":0,"complete":0,"success":0,"errored":0,"retried":0,"total":0,"elapsed":1597129490381}
[info] +  hosting[xchappi-lista-compra]: file upload complete 
[debug] [2020-08-11T07:04:50.384Z] [hosting] deploy completed after 1039ms
[debug] [2020-08-11T07:04:50.449Z] [
  {
    "config": {
      "target": "xchappi-lista-compra",
      "public": "dist/lista-compra-angular",
      "ignore": [
        "**/.*"
      ],
      "headers": [
        {
          "source": "*.[0-9a-f][0-9a-f][0-9a-f][0-9a-f][0-9a-f][0-9a-f][0-9a-f][0-9a-f][0-9a-f][0-9a-f][0-9a-f][0-9a-f][0-9a-f][0-9a-f][0-9a-f][0-9a-f][0-9a-f][0-9a-f][0-9a-f][0-9a-f].+(css|js)",
          "headers": [
            {
              "key": "Cache-Control",
              "value": "public,max-age=31536000,immutable"
            }
          ]
        }
      ],
      "rewrites": [
        {
          "source": "**",
          "destination": "/index.html"
        }
      ]
    },
    "site": "xchappi-lista-compra",
    "version": "sites/xchappi-lista-compra/versions/01829bb55216ef26"
  }
]
[info] i  hosting[xchappi-lista-compra]: finalizing version... 
[debug] [2020-08-11T07:04:50.451Z] >>> HTTP REQUEST PATCH https://firebasehosting.googleapis.com/v1beta1/sites/xchappi-lista-compra/versions/01829bb55216ef26?updateMask=status  
 {"status":"FINALIZED"}
